{"/Users/hfarhanahmed/Developer/testing Projects/pokemon/App.tsx": {"path":"/Users/hfarhanahmed/Developer/testing Projects/pokemon/App.tsx","statementMap":{"0":{"start":{"line":8,"column":2},"end":{"line":14,"column":4}}},"fnMap":{"0":{"name":"App","decl":{"start":{"line":7,"column":24},"end":{"line":7,"column":27}},"loc":{"start":{"line":7,"column":30},"end":{"line":15,"column":1}},"line":7}},"branchMap":{},"s":{"0":1},"f":{"0":1},"b":{},"_coverageSchema":"1a1c01bbd47fc00a2c39e90264f33305004495a9","hash":"36ebde9cf367b9f5d93691623322da037d370d73"}
}
