{"/Users/hfarhanahmed/Developer/testing Projects/pokemon/App.tsx": {"path":"/Users/hfarhanahmed/Developer/testing Projects/pokemon/App.tsx","statementMap":{"0":{"start":{"line":8,"column":2},"end":{"line":14,"column":4}}},"fnMap":{"0":{"name":"App","decl":{"start":{"line":7,"column":24},"end":{"line":7,"column":27}},"loc":{"start":{"line":7,"column":30},"end":{"line":15,"column":1}},"line":7}},"branchMap":{},"s":{"0":1},"f":{"0":1},"b":{},"_coverageSchema":"1a1c01bbd47fc00a2c39e90264f33305004495a9","hash":"36ebde9cf367b9f5d93691623322da037d370d73"}
,"/Users/hfarhanahmed/Developer/testing Projects/pokemon/src/dataTypes/pokemonListType.tsx": {"path":"/Users/hfarhanahmed/Developer/testing Projects/pokemon/src/dataTypes/pokemonListType.tsx","statementMap":{},"fnMap":{},"branchMap":{},"s":{},"f":{},"b":{}}
,"/Users/hfarhanahmed/Developer/testing Projects/pokemon/src/dataTypes/pokemonType.tsx": {"path":"/Users/hfarhanahmed/Developer/testing Projects/pokemon/src/dataTypes/pokemonType.tsx","statementMap":{},"fnMap":{},"branchMap":{},"s":{},"f":{},"b":{}}
,"/Users/hfarhanahmed/Developer/testing Projects/pokemon/src/dataTypes/screenNavigationPropsTypes.tsx": {"path":"/Users/hfarhanahmed/Developer/testing Projects/pokemon/src/dataTypes/screenNavigationPropsTypes.tsx","statementMap":{},"fnMap":{},"branchMap":{},"s":{},"f":{},"b":{}}
,"/Users/hfarhanahmed/Developer/testing Projects/pokemon/src/navigation/component/ErrorView.tsx": {"path":"/Users/hfarhanahmed/Developer/testing Projects/pokemon/src/navigation/component/ErrorView.tsx","statementMap":{"0":{"start":{"line":4,"column":18},"end":{"line":18,"column":1}},"1":{"start":{"line":5,"column":2},"end":{"line":17,"column":4}},"2":{"start":{"line":19,"column":15},"end":{"line":29,"column":2}}},"fnMap":{"0":{"name":"(anonymous_0)","decl":{"start":{"line":4,"column":18},"end":{"line":4,"column":19}},"loc":{"start":{"line":4,"column":24},"end":{"line":18,"column":1}},"line":4}},"branchMap":{},"s":{"0":1,"1":1,"2":1},"f":{"0":1},"b":{},"_coverageSchema":"1a1c01bbd47fc00a2c39e90264f33305004495a9","hash":"40f8bba57f631a3cc3b22ea5c180aa298c243f9e"}
,"/Users/hfarhanahmed/Developer/testing Projects/pokemon/src/navigation/component/Loading.tsx": {"path":"/Users/hfarhanahmed/Developer/testing Projects/pokemon/src/navigation/component/Loading.tsx","statementMap":{"0":{"start":{"line":4,"column":16},"end":{"line":32,"column":1}},"1":{"start":{"line":5,"column":17},"end":{"line":22,"column":4}},"2":{"start":{"line":24,"column":2},"end":{"line":31,"column":4}}},"fnMap":{"0":{"name":"(anonymous_0)","decl":{"start":{"line":4,"column":16},"end":{"line":4,"column":17}},"loc":{"start":{"line":4,"column":22},"end":{"line":32,"column":1}},"line":4}},"branchMap":{},"s":{"0":1,"1":1,"2":1},"f":{"0":1},"b":{},"_coverageSchema":"1a1c01bbd47fc00a2c39e90264f33305004495a9","hash":"cf768ffcbee26835065abb8450b8752dc71ad530"}
,"/Users/hfarhanahmed/Developer/testing Projects/pokemon/src/navigation/containers/AppNavigator.tsx": {"path":"/Users/hfarhanahmed/Developer/testing Projects/pokemon/src/navigation/containers/AppNavigator.tsx","statementMap":{"0":{"start":{"line":8,"column":14},"end":{"line":8,"column":52}},"1":{"start":{"line":10,"column":21},"end":{"line":25,"column":1}},"2":{"start":{"line":11,"column":2},"end":{"line":24,"column":4}},"3":{"start":{"line":18,"column":40},"end":{"line":20,"column":11}}},"fnMap":{"0":{"name":"(anonymous_0)","decl":{"start":{"line":10,"column":21},"end":{"line":10,"column":22}},"loc":{"start":{"line":10,"column":27},"end":{"line":25,"column":1}},"line":10},"1":{"name":"(anonymous_1)","decl":{"start":{"line":18,"column":19},"end":{"line":18,"column":20}},"loc":{"start":{"line":18,"column":40},"end":{"line":20,"column":11}},"line":18}},"branchMap":{},"s":{"0":0,"1":0,"2":0,"3":0},"f":{"0":0,"1":0},"b":{}}
,"/Users/hfarhanahmed/Developer/testing Projects/pokemon/src/navigation/screens/PokemonDetailScreen.tsx": {"path":"/Users/hfarhanahmed/Developer/testing Projects/pokemon/src/navigation/screens/PokemonDetailScreen.tsx","statementMap":{"0":{"start":{"line":8,"column":28},"end":{"line":74,"column":1}},"1":{"start":{"line":9,"column":17},"end":{"line":9,"column":29}},"2":{"start":{"line":16,"column":6},"end":{"line":16,"column":32}},"3":{"start":{"line":19,"column":34},"end":{"line":21,"column":15}},"4":{"start":{"line":20,"column":19},"end":{"line":20,"column":40}},"5":{"start":{"line":23,"column":2},"end":{"line":23,"column":36}},"6":{"start":{"line":23,"column":17},"end":{"line":23,"column":36}},"7":{"start":{"line":24,"column":2},"end":{"line":24,"column":34}},"8":{"start":{"line":24,"column":13},"end":{"line":24,"column":34}},"9":{"start":{"line":26,"column":17},"end":{"line":46,"column":4}},"10":{"start":{"line":48,"column":2},"end":{"line":73,"column":4}}},"fnMap":{"0":{"name":"(anonymous_0)","decl":{"start":{"line":8,"column":28},"end":{"line":8,"column":29}},"loc":{"start":{"line":8,"column":62},"end":{"line":74,"column":1}},"line":8},"1":{"name":"(anonymous_1)","decl":{"start":{"line":20,"column":9},"end":{"line":20,"column":10}},"loc":{"start":{"line":20,"column":19},"end":{"line":20,"column":40}},"line":20}},"branchMap":{"0":{"loc":{"start":{"line":13,"column":4},"end":{"line":13,"column":15}},"type":"default-arg","locations":[{"start":{"line":13,"column":11},"end":{"line":13,"column":15}}],"line":13},"1":{"loc":{"start":{"line":14,"column":4},"end":{"line":14,"column":16}},"type":"default-arg","locations":[{"start":{"line":14,"column":12},"end":{"line":14,"column":16}}],"line":14},"2":{"loc":{"start":{"line":15,"column":4},"end":{"line":15,"column":21}},"type":"default-arg","locations":[{"start":{"line":15,"column":16},"end":{"line":15,"column":21}}],"line":15},"3":{"loc":{"start":{"line":23,"column":2},"end":{"line":23,"column":36}},"type":"if","locations":[{"start":{"line":23,"column":2},"end":{"line":23,"column":36}},{"start":{},"end":{}}],"line":23},"4":{"loc":{"start":{"line":24,"column":2},"end":{"line":24,"column":34}},"type":"if","locations":[{"start":{"line":24,"column":2},"end":{"line":24,"column":34}},{"start":{},"end":{}}],"line":24}},"s":{"0":1,"1":1,"2":1,"3":1,"4":0,"5":1,"6":0,"7":1,"8":0,"9":1,"10":1},"f":{"0":1,"1":0},"b":{"0":[1],"1":[1],"2":[1],"3":[0,1],"4":[0,1]},"_coverageSchema":"1a1c01bbd47fc00a2c39e90264f33305004495a9","hash":"7fb97f960c7720b0c228a230a44e79b74e5bb8ab"}
,"/Users/hfarhanahmed/Developer/testing Projects/pokemon/src/navigation/screens/PokemonListScreen.tsx": {"path":"/Users/hfarhanahmed/Developer/testing Projects/pokemon/src/navigation/screens/PokemonListScreen.tsx","statementMap":{"0":{"start":{"line":13,"column":26},"end":{"line":44,"column":1}},"1":{"start":{"line":14,"column":37},"end":{"line":14,"column":61}},"2":{"start":{"line":16,"column":2},"end":{"line":16,"column":36}},"3":{"start":{"line":16,"column":17},"end":{"line":16,"column":36}},"4":{"start":{"line":17,"column":2},"end":{"line":17,"column":34}},"5":{"start":{"line":17,"column":13},"end":{"line":17,"column":34}},"6":{"start":{"line":19,"column":2},"end":{"line":43,"column":4}},"7":{"start":{"line":22,"column":32},"end":{"line":22,"column":41}},"8":{"start":{"line":25,"column":10},"end":{"line":39,"column":29}},"9":{"start":{"line":27,"column":31},"end":{"line":29,"column":15}},"10":{"start":{"line":31,"column":14},"end":{"line":34,"column":17}},"11":{"start":{"line":46,"column":15},"end":{"line":64,"column":2}}},"fnMap":{"0":{"name":"(anonymous_0)","decl":{"start":{"line":13,"column":26},"end":{"line":13,"column":27}},"loc":{"start":{"line":13,"column":51},"end":{"line":44,"column":1}},"line":13},"1":{"name":"(anonymous_1)","decl":{"start":{"line":22,"column":22},"end":{"line":22,"column":23}},"loc":{"start":{"line":22,"column":32},"end":{"line":22,"column":41}},"line":22},"2":{"name":"(anonymous_2)","decl":{"start":{"line":24,"column":20},"end":{"line":24,"column":21}},"loc":{"start":{"line":25,"column":10},"end":{"line":39,"column":29}},"line":25},"3":{"name":"(anonymous_3)","decl":{"start":{"line":26,"column":21},"end":{"line":26,"column":22}},"loc":{"start":{"line":26,"column":27},"end":{"line":35,"column":13}},"line":26}},"branchMap":{"0":{"loc":{"start":{"line":16,"column":2},"end":{"line":16,"column":36}},"type":"if","locations":[{"start":{"line":16,"column":2},"end":{"line":16,"column":36}},{"start":{},"end":{}}],"line":16},"1":{"loc":{"start":{"line":17,"column":2},"end":{"line":17,"column":34}},"type":"if","locations":[{"start":{"line":17,"column":2},"end":{"line":17,"column":34}},{"start":{},"end":{}}],"line":17}},"s":{"0":1,"1":1,"2":1,"3":0,"4":1,"5":0,"6":1,"7":0,"8":0,"9":0,"10":0,"11":1},"f":{"0":1,"1":0,"2":0,"3":0},"b":{"0":[0,1],"1":[0,1]},"_coverageSchema":"1a1c01bbd47fc00a2c39e90264f33305004495a9","hash":"cf86f34ab05124a2d0547e400875903c19e90b15"}
,"/Users/hfarhanahmed/Developer/testing Projects/pokemon/src/redux/store.tsx": {"path":"/Users/hfarhanahmed/Developer/testing Projects/pokemon/src/redux/store.tsx","statementMap":{"0":{"start":{"line":6,"column":21},"end":{"line":8,"column":2}},"1":{"start":{"line":10,"column":22},"end":{"line":13,"column":1}},"2":{"start":{"line":15,"column":25},"end":{"line":15,"column":68}},"3":{"start":{"line":17,"column":21},"end":{"line":23,"column":2}},"4":{"start":{"line":20,"column":4},"end":{"line":22,"column":5}},"5":{"start":{"line":25,"column":25},"end":{"line":25,"column":44}}},"fnMap":{"0":{"name":"(anonymous_0)","decl":{"start":{"line":19,"column":14},"end":{"line":19,"column":15}},"loc":{"start":{"line":20,"column":4},"end":{"line":22,"column":5}},"line":20}},"branchMap":{},"s":{"0":1,"1":1,"2":1,"3":1,"4":1,"5":1},"f":{"0":1},"b":{},"_coverageSchema":"1a1c01bbd47fc00a2c39e90264f33305004495a9","hash":"58255438708a890c705cc1f6e815bcb7d3171a04"}
,"/Users/hfarhanahmed/Developer/testing Projects/pokemon/src/redux/apiServices/pokemonApi.tsx": {"path":"/Users/hfarhanahmed/Developer/testing Projects/pokemon/src/redux/apiServices/pokemonApi.tsx","statementMap":{"0":{"start":{"line":5,"column":26},"end":{"line":18,"column":2}},"1":{"start":{"line":8,"column":27},"end":{"line":17,"column":3}},"2":{"start":{"line":11,"column":19},"end":{"line":11,"column":28}},"3":{"start":{"line":15,"column":21},"end":{"line":15,"column":36}},"4":{"start":{"line":19,"column":66},"end":{"line":19,"column":76}}},"fnMap":{"0":{"name":"(anonymous_0)","decl":{"start":{"line":8,"column":13},"end":{"line":8,"column":14}},"loc":{"start":{"line":8,"column":27},"end":{"line":17,"column":3}},"line":8},"1":{"name":"(anonymous_1)","decl":{"start":{"line":11,"column":13},"end":{"line":11,"column":14}},"loc":{"start":{"line":11,"column":19},"end":{"line":11,"column":28}},"line":11},"2":{"name":"(anonymous_2)","decl":{"start":{"line":15,"column":13},"end":{"line":15,"column":14}},"loc":{"start":{"line":15,"column":21},"end":{"line":15,"column":36}},"line":15}},"branchMap":{},"s":{"0":1,"1":1,"2":0,"3":0,"4":1},"f":{"0":1,"1":0,"2":0},"b":{},"_coverageSchema":"1a1c01bbd47fc00a2c39e90264f33305004495a9","hash":"3b7d53dc007954ae36e6536e3c8aa5ffd4c6d934"}
}
